<?xml version="1.0" encoding="UTF-8"?>
<!-- Generated by org.testng.reporters.JUnitReportReporter -->
<testsuite skipped="0" hostname="DESKTOP-IO5FSVF" name="frameworke_implementation.SignIn_page_TestNG" tests="2" failures="0" timestamp="30 Sep 2021 18:02:15 GMT" time="8.068" errors="0">
  <testcase name="ContactUsPage" time="5.227" classname="frameworke_implementation.SignIn_page_TestNG"/>
  <testcase name="SignInTest" time="2.841" classname="frameworke_implementation.SignIn_page_TestNG"/>
</testsuite> <!-- frameworke_implementation.SignIn_page_TestNG -->
